{
  "Cucumber Features": {
    "coverage": {
      "/home/darwin/Src/saasbook/hw-bdd-tdd-cycle/rottenpotatoes/app/models/movie.rb": [
        1,
        1,
        1,
        null,
        null,
        1,
        2,
        null,
        null
      ],
      "/home/darwin/Src/saasbook/hw-bdd-tdd-cycle/rottenpotatoes/app/controllers/movies_controller.rb": [
        1,
        null,
        1,
        1,
        null,
        null,
        1,
        3,
        3,
        null,
        null,
        null,
        1,
        1,
        1,
        null,
        0,
        null,
        0,
        null,
        1,
        1,
        null,
        1,
        6,
        null,
        null,
        1,
        0,
        0,
        0,
        null,
        1,
        null,
        null,
        1,
        null,
        null,
        null,
        1,
        0,
        0,
        0,
        null,
        null,
        1,
        1,
        null,
        null,
        1,
        1,
        1,
        1,
        1,
        null,
        null,
        1,
        0,
        0,
        0,
        0,
        null,
        null,
        1,
        2,
        2,
        2,
        1,
        1,
        null,
        2,
        null,
        null
      ],
      "/home/darwin/Src/saasbook/hw-bdd-tdd-cycle/rottenpotatoes/app/controllers/application_controller.rb": [
        1,
        1,
        null
      ],
      "/home/darwin/Src/saasbook/hw-bdd-tdd-cycle/rottenpotatoes/app/helpers/application_helper.rb": [
        1,
        null
      ],
      "/home/darwin/Src/saasbook/hw-bdd-tdd-cycle/rottenpotatoes/app/helpers/movies_helper.rb": [
        1,
        null,
        1,
        0,
        null,
        null
      ]
    },
    "timestamp": 1448591517
  },
  "RSpec": {
    "coverage": {
      "/home/darwin/Src/saasbook/hw-bdd-tdd-cycle/rottenpotatoes/config/environment.rb": [
        null,
        1,
        null,
        null,
        1
      ],
      "/home/darwin/Src/saasbook/hw-bdd-tdd-cycle/rottenpotatoes/config/application.rb": [
        1,
        null,
        null,
        null,
        null,
        null,
        null,
        null,
        null,
        1,
        null,
        1,
        null,
        1,
        1,
        null,
        null,
        null,
        null,
        null,
        null,
        null,
        null,
        null,
        null,
        null,
        null,
        null,
        null,
        null,
        null,
        null,
        null,
        null,
        null,
        null,
        null,
        null,
        1,
        null,
        null,
        1,
        null,
        null,
        null,
        null,
        null,
        1,
        null,
        null,
        null,
        1,
        null,
        null,
        null,
        null,
        null,
        null,
        null,
        null,
        null,
        null,
        null,
        null,
        null,
        1,
        null,
        null,
        null
      ],
      "/home/darwin/Src/saasbook/hw-bdd-tdd-cycle/rottenpotatoes/config/boot.rb": [
        1,
        null,
        null,
        1,
        null,
        1
      ],
      "/home/darwin/Src/saasbook/hw-bdd-tdd-cycle/rottenpotatoes/config/environments/test.rb": [
        1,
        null,
        null,
        null,
        null,
        null,
        null,
        1,
        null,
        null,
        null,
        1,
        1,
        1,
        null,
        null,
        null,
        1,
        1,
        null,
        null,
        1,
        null,
        null,
        1,
        null,
        null,
        null,
        null,
        1,
        null,
        null,
        null,
        null,
        null,
        null,
        null,
        1,
        null,
        null,
        1,
        null
      ],
      "/home/darwin/Src/saasbook/hw-bdd-tdd-cycle/rottenpotatoes/config/initializers/backtrace_silencers.rb": [
        null,
        null,
        null,
        null,
        null,
        null,
        null
      ],
      "/home/darwin/Src/saasbook/hw-bdd-tdd-cycle/rottenpotatoes/config/initializers/inflections.rb": [
        null,
        null,
        null,
        null,
        null,
        null,
        null,
        null,
        null,
        null
      ],
      "/home/darwin/Src/saasbook/hw-bdd-tdd-cycle/rottenpotatoes/config/initializers/mime_types.rb": [
        null,
        null,
        null,
        null,
        null
      ],
      "/home/darwin/Src/saasbook/hw-bdd-tdd-cycle/rottenpotatoes/config/initializers/secret_token.rb": [
        null,
        null,
        null,
        null,
        null,
        null,
        1,
        1
      ],
      "/home/darwin/Src/saasbook/hw-bdd-tdd-cycle/rottenpotatoes/config/initializers/session_store.rb": [
        null,
        null,
        1,
        null,
        null,
        null,
        null,
        null
      ],
      "/home/darwin/Src/saasbook/hw-bdd-tdd-cycle/rottenpotatoes/config/initializers/wrap_parameters.rb": [
        null,
        null,
        null,
        null,
        null,
        null,
        1,
        1,
        null,
        null,
        null,
        1,
        1,
        null
      ],
      "/home/darwin/Src/saasbook/hw-bdd-tdd-cycle/rottenpotatoes/config/routes.rb": [
        1,
        1,
        null,
        1,
        1,
        null
      ],
      "/home/darwin/Src/saasbook/hw-bdd-tdd-cycle/rottenpotatoes/app/helpers/application_helper.rb": [
        1,
        null
      ],
      "/home/darwin/Src/saasbook/hw-bdd-tdd-cycle/rottenpotatoes/app/helpers/movies_helper.rb": [
        1,
        null,
        1,
        0,
        null,
        null
      ],
      "/home/darwin/Src/saasbook/hw-bdd-tdd-cycle/rottenpotatoes/app/controllers/movies_controller.rb": [
        1,
        null,
        1,
        0,
        null,
        null,
        1,
        0,
        0,
        null,
        null,
        null,
        1,
        0,
        0,
        null,
        0,
        null,
        0,
        null,
        0,
        0,
        null,
        0,
        0,
        null,
        null,
        0,
        0,
        0,
        0,
        null,
        0,
        null,
        null,
        1,
        null,
        null,
        null,
        1,
        0,
        0,
        0,
        null,
        null,
        1,
        0,
        null,
        null,
        1,
        0,
        0,
        0,
        0,
        null,
        null,
        1,
        0,
        0,
        0,
        0,
        null,
        null,
        1,
        1,
        1,
        1,
        0,
        0,
        null,
        1,
        null,
        null
      ],
      "/home/darwin/Src/saasbook/hw-bdd-tdd-cycle/rottenpotatoes/app/controllers/application_controller.rb": [
        1,
        1,
        null
      ],
      "/home/darwin/Src/saasbook/hw-bdd-tdd-cycle/rottenpotatoes/app/models/movie.rb": [
        1,
        1,
        0,
        null,
        null,
        1,
        0,
        null,
        null
      ]
    },
    "timestamp": 1448591787
  }
}
